<?xml version="1.0" encoding="UTF-8"?>
<!-- Generated by org.testng.reporters.JUnitXMLReporter -->
<testsuite ignored="0" hostname="DESKTOP-LR8LG19" failures="0" tests="3" name="Default test" time="63.321" errors="0" timestamp="23 Feb 2020 17:52:16 GMT">
  <testcase classname="Run.TestData" name="f" time="0.0">
    <skipped/>
  </testcase> <!-- f -->
  <testcase classname="Common.FacebookRun" name="Login" time="26.892"/>
  <testcase classname="Common.FacebookRun" name="ForgotAccount" time="25.858"/>
</testsuite> <!-- Default test -->
